[   0.0000] Linux version 4.15.0-22-generic (buildd@lgw01-amd6401) (gccvesion 7..0(Ubuntu 7.3.0-1buntu3)) #24-Ubuntu SMP Wed May 16 12:15:17 UTC 2018 (Ubuntu 4.15.02.24-generic 4.15.17)
[    0.000000]Command line: BOOTMAGE=/boot/vmlinuz-415.0-22-genericoot=LABEL=cloudg-roos ro console=tty1 console=ttyS0
[    0.000000] KERNEL supported cpus:
[    0.000000]   Intel GenuineIntel
[    0.000000]   AMD AuthenticAMD
[    0.000000]   Centaur CentaurHauls
[  0.000000] x86/fpu: Supporting XSAVfeature0x001: 'x87 floating point registers'
[    0.000000] x86/fpu: Supporting XSAVE feature 0x002: 'SSE registers'
[    0.000000] x86/fpu: Supporting XSAVE feature 0x004: 'AVX registers'
[    0.000000] x86/fpu: xstate_offset[2]:  576, xstate_sizes[2]:  256
[    0.000000] x86/fpu: Enabled xstate features 0x7, context size is 832 bytes, using 'standard' format.
[    0.000000] e820: BIOS-provided physical RAM map:
[    0.000000] BIOS-e820: [mem 0x0000000000000000-0x00000000009fbff] usable
[    0.000000] BIOS-e820: [mem 0x000000000009fc00-0x000000000009ffff] reserved
[    0.000000] IOS-e80: [mem 0x0000000000f000-x00000000000fffff] reserved
[    0.000000] BIOS-e820: [mem 0x0000000000100000-0x000000003ffeffff] usable
[    0.000000] BIOS-e820: [mem 0x000000003fff0000-0x000000003fffffff] ACPI data
[    0.000000] BIOS-e820: [mem 0x00000000fec00000-0x000000fec00ff reserved
[    0.000000]BIOS-e820: [mem 0x0000000fee00000-0x000000ee0fff]resrved
[    0.0000] BIOS-e80:[mem 0x000000fffc000-x000000ffffff] reserve
    0.000000] NX (Execute Disable) protection: active
[    0.000000] random: fat nit dne
[    0.0000] SMBIOS 2.5 present.
[    0.000000] DMI: innotek GmbH VirtualBox/VirtualBox, BIOS VirtualBox 12/01/2006
[   0.000000] Hypervisor detected: KVM
[    0.000000]e820: last_pfn = 0x3fffmax_ah_pfn = 0x400000000
[    0.000000] MTR: Disabled
[    0.000000] x86/PAT: MTRs disaed, skipping PAT nitialization too.
[   0.000000] CPU MTRRs all blank - virtulied system.
[    0000000] x86/PAT Cnfiguratin [0-]:WB  WT  UC- UCWB  WT  UC- U  
[    0.000000] fondSMP M-tble atmem 0x0009fff0-0009ffff] apped at [        (trval)]
[    0.000000] Scanning 1 areas for low memory corupion
[    0.000000] RAMDISK: [mem 0x35b1f000-0x36d86fff]
[    0.000000] ACPI: Early tble hecksum verification disbled
[    0.000000] ACPI: RSDP 0x00000000000E0000 000024 (v02 VBOX  )
[    0.00000] ACPI: XSDT 0x00000003FFF03000003C (v01 VBOX   VBOXXSDT 00000001 ASL  00000061)
[    0.000000] ACI: FACP 0000000003FFF0F0 0000F4 (v04 VBOX   VBOXFACP 00000001 ASL  00000061)
[    0.000000] ACPI: DSDT 0x000000003FFF0470 0021FF (v02 VBOX   VBOXBIOS 00000002 INTL 20100528)
[    0.000000] ACPI: FACS 0x000000003FFF0200 000040
[    0.000000] ACPI: FACS 0x000000003FF0200 00004
[  0.000000] ACPI: APIC 0x000000003FFF0240 00005C (02 VBX   VXAPIC 0000001 SL  000061)
[    0.000000] ACPI: SSDT 0x000000003FFF02A0 0001CC (v01 VBOX   VBOXCPUT 00000002 NT 2010052)
[   .0000] No NUMA configuratio found
[    0.000000] Faking a node at [mem 0x000000000000000-0x000000003ffeffff]
[    0.000000] NODE_DATA(0) allocated [mem 0x3ffc5000-0x3efff]
[    0.0000] kvm-clock: cpu 0, msr 0:3ff44001, primary cpu clock
[    0.000000] kvm-clock: Using msrs 4b564d01 and 4b564d00
[    0.000000] kvm-clock: using sced offet of 3514033280 cycles
[    0.000000] clocksource: kvm-clock: mk: 0xfffffffffffff ax_yces: 0x1cd42e4ff, maxdle_ns: 881505143 s
[  0.000000] Zneranges:
[  0.0000]   DMA      [mem 0x00000000001000x0000000000ffff]
[    0.00000   DM32    [em0x00000000000000-0x000000003ffeffff]
[    0.000000]   Normal   empty
[    0.000000]   Device   empty
[    0.000000] Movable zone start for each node
[    0.000000] Early memory node ranges
[    0.000000]   node   0: [mem 0x0000000000001000-0x000000000009efff]
[    0.000000]   node   0: [mem 0x0000000000100000-0x000000003ffeffff]
[    0.000000] Initmem setup node 0 [mem 0x0000000000001000-00000003ffeffff]
[    0.000000] Reservedut unavailable: 98 pages
[    0.000000] ACPI: PM-Timer IO Port: 0x4008
[    0.000000] IOAPIC[0]: apic_id 2, version 32, addres xfec00000GSI 0-23
   0.000000] ACPI: INT_SRC_OVR (bus 0 bus_irq 0 global_irq 2 dfl dfl)
[    0.000000] ACPI: INT_SRC_OVR (bus 0 bus_irq 9 global_irq 9 low level)
[    0.000000] Using ACPI (MAD) forMP configuration information
[    0.000000] smpboot: Allowing 2 CPUs, 0 hotplug CPUs
[    0.000000] PMRegistered nosave memory: [mem 0x0000000-0x00000fff]
[    0.000000] PM: Registered nosave memory: [mem 0x0009f000-0x0009ffff]
[    0.000000] PM: Registere nosave memory: [mem 0x000a0000-0x000effff]
[    0.000000] PMRegisteednosave memory: [mem 0x000f0000-0x000fffff]
[    0.000000] e820: [mem 0x40000000-0xfebfffff] available for PCI devices
[    0.000000] Booting paravirtualizd kernel o KVM
[    0.000000] cocksorc: refined-jiffies: mask: 0xffffffff max_cycles: 0xffffffff, max_idle_ns: 7645519600211568 ns
[    0.000000] etup_percpu: NR_CPUS:8192 nr_cpumaskbits:2 nr_cpu_ids:2 _node_ids:
[    0.000000] percpu: Embedded 46 pages/cpu @        (ptrval) s151552 r8192 d28672 u1048576
[    0.000000] PV qspinlock hash table entries: 256 (order: 0, 4096 bytes
[    0.000000] Built 1 zonelits mobity groupin on.  Total ages: 257913
[    0.00000] Policy zone: DMA32
[  0.000000] Kernel command line: BOOT_IMAG/boot/vmlinuz-415.0-2-gneric rot=LABEL=coudimg-rootfs ro console=tty1 console=ttyS0
[    0.000000] Memory: 983740K/1048120K available(12300K kernel code2470Kwdata, 440K roata, 244Kint,2416K bs, 64380K reserved, 0K cma-reserved)
[    0.000000]SLUB: HWalgn64, Order=-3, MinObject=0 CP=2, Nodes=1
[    0.000000] Kernel/User page tables isolation: enabled
[   0.000000] ftrace: allocating 39081 enries in 153 pages
[    0.004000] Hierarchical RCU impleentation.
[    0.004000] 	RCU estritig CPUsfrom R_CPUS=19 to nr_puids=2.
   0.004000] 	Tsks RCU enabled.
[    0.004000]CU: Adjsting geometry fr rcu_fanout_leaf=16, nr_cpu_ids=2
[    0.004000] NR_IS: 52454, r_irqs:  440, preallocated irqs: 16
[  0.004000] onole: colourVGA+ 805
[  0.00400] conole [tty1]enbled
[   0.00400] onsole [ttyS0] enabled
[    0.004000] ACPI: Core revision 20170831
[    0.004000] ACP: 2 ACPI AML tables successfully acquired and loaded
[    0.004000] APIC: Switch to symmetric I/O mode setup
[    0004000] x2apic enabled
[    0.004010] Switched APIC routing to physical x2apic.
[    0.006221] ..TIMER: vector=0x30 apic1=0 pin1=2 apic2=-1 pin2=-1
[    0.008015] tsc: Detected 2699.998 MHz processor
[    0.009904] Calibrating delay loop (skipped) preset value.. 5399.99 BogoMIPS (lpj=10799992)
[    0.012011] pid_max: default: 32768 minimum: 301
[    0.013178] Security Framework initialized
[    0.016011] Yama: becoming mindful.
[    0.020054] AppArmor: AppArmor initialized
[    0.024326] Dentry cache hash table entries: 131072 (order: 8, 1048576 bytes)
[    0.028097] Inode-cache hash table entries: 65536 (order: 7, 524288 bytes)
[    0.032082] Mount-cache hash table entries: 2048 (order: 2, 16384 bytes)
[    0.036019] Mountpoint-cache hash table entries: 2048 (order: 2, 16384 bytes)
[    0.040225] CPU: Physical Processor ID: 0
[    0.041367] CPU: Processor Core ID: 0
[    0.044029] mce: CPU supports 0 MCE banks
[    0.045048] Last level iTLB entries: 4KB 64, 2MB 8, 4MB 8
[    0.048013] Last level dTLB entries: 4KB 64, 2MB 0, 4MB 0, 1GB 4
[    0.052007] Spectre V2 : Mitigation: Full generic retpoline
[    0.056007] Speculative Store Bypass: Vulnerable
[    0.057076] Freeing SMP alternatives memory: 36K
[  0.064000] smpboot: CPU0: Intel(R) Core(TM) i5-5257U CPU @ 2.70GHz (family: 0x6, model: 0x3d, stepping: 0x4)
[    0.064164] Performance Events: unsupported p6 CPU model 61 no PMU driver, software events only.
[    0.068100] Hierarchical SRCU implementation.
[    0.070384] NMI watchdog: Perf event create on CPU 0 failed with -2
[    0.072007] NMI watchdog: Perf NMI watchdog permanently disabled
[    0.076071] smp: Bringing up secondary CPUs ...
[    0.084338] x86: Booting SMP configuration:
[    0.088026] .... node  #0, CPUs:      #1
[    0.004000] kvm-clock: cpu 1, msr 0:3ff44041, secondary cpu clock
[    0.004000] mce: CPU supports 0 MCE banks
[    0.104029] smp: Brought up 1 node, 2 CPUs
[    0.108022] smpboot: Max logical packages: 1
[    0.112008] smpboot: Total of 2 processors activated (10799.99 BogoMIPS)
[    0.116151] devtmpfs: initialized
[    0.120077] x86/mm: Memory block size: 128MB
[    0.121404] evm: security.selinux
[    0.124014] evm: security.SMACK64
[    0.128007] evm: security.SMACK64EXEC
[    0.132007] evm: security.SMACK64TRANSMUTE
[    0.136007] evm: security.SMACK64MMAP
[    0.140004] evm: security.apparmor
[    0.144007] evm: security.ima
[    0.148007] evm: security.capability
[    0.152119] clocksource: jiffies: mask: 0xffffffff max_cycles: 0xffffffff, max_idle_ns: 7645041785100000 ns
[    0.156028] futex hash table entries: 512 (order: 3, 32768 bytes)
[    0.160097] pinctrl core: initialized pinctrl subsystem
[    0.165812] RTC time: 14:40:13, date: 06/04/18
[    0.168460] NET: Registered protocol family 16
[    0.172092] audit: initializing netlink subsys (disabled)
[    0.176059] audit: type=2000 audit(1528123208.684:1): state=initialized audit_enabled=0 res=1
[    0.184013] cpuidle: using governor ladder
[    0.188027] cpuidle: using governor menu
[    0.192071] ACPI: bus type PCI registered
[    0.192895] acpiphp: ACPI Hot Plug PCI Controller Driver version: 0.5
[    0.200017] PCI: Using configuration type 1 for base access
[    0.201379] HugeTLB registered 2.00 MiB page size, pre-allocated 0 pages
[    0.204251] ACPI: Added _OSI(Module Device)
[    0.208025] ACPI: Added _OSI(Processor Device)
[    0.212007] ACPI: Added _OSI(3.0 _SCP Extensions)
[    0.216011] ACPI: Added _OSI(Processor Aggregator Device)
[    0.220274] ACPI: Executed 1 blocks of module-level executable AML code
[    0.228791] ACPI: Interpreter enabled
[    0.232021] ACPI: (supports S0 S5)
[    0.232768] ACPI: Using IOAPIC for interrupt routing
[    0.236357] PCI: Using host bridge windows from ACPI; if necessary, use "pci=nocrs" and report a bug
[    0.240184] ACPI: Enabled 2 GPEs in block 00 to 07
[    0.250404] ACPI: PCI Root Bridge [PCI0] (domain 0000 [bus 00-ff])
[    0.252026] acpi PNP0A03:00: _OSC: OS supports [ASPM ClockPM Segments MSI]
[    0.256086] acpi PNP0A03:00: _OSC: not requesting OS control; OS requires [ExtendedConfig ASPM ClockPM MSI]
[    0.260068] acpi PNP0A03:00: fail to add MMCONFIG information, can't access extended PCI configuration space under this bridge.
[    0.264382] PCI host bridge to bus 0000:00
[    0.268013] pci_bus 0000:00: root bus resource [io  0x0000-0x0cf7 window]
[    0.269092] pci_bus 0000:00: root bus resource [io  0x0d00-0xffff window]
[    0.270329] pci_bus 0000:00: root bus resource [mem 0x000a0000-0x000bffff window]
[    0.272009] pci_bus 0000:00: root bus resource [mem 0x40000000-0xfdffffff window]
[    0.276010] pci_bus 0000:00: root bus resource [bus 00-ff]
[    0.285345] pci 0000:00:01.1: legacy IDE quirk: reg 0x10: [io  0x01f0-0x01f7]
[    0.288010] pci 0000:00:01.1: legacy IDE quirk: reg 0x14: [io  0x03f6]
[    0.289602] pci 0000:00:01.1: legacy IDE quirk: reg 0x18: [io  0x0170-0x0177]
[    0.292009] pci 0000:00:01.1: legacy IDE quirk: reg 0x1c: [io  0x0376]
[    0.318322] pci 0000:00:07.0: quirk: [io  0x4000-0x403f] claimed by PIIX4 ACPI
[    0.320024] pci 0000:00:07.0: quirk: [io  0x4100-0x410f] claimed by PIIX4 SMB
[    0.333359] ACPI: PCI Interrupt Link [LNKA] (IRQs 5 9 10 *11)
[    0.336371] ACPI: PCI Interrupt Link [LNKB] (IRQs 5 9 *10 11)
[    0.340160] ACPI: PCI Interrupt Link [LNKC] (IRQs 5 *9 10 11)
[    0.344133] ACPI: PCI Interrupt Link [LNKD] (IRQs 5 9 10 *11)
[    0.348421] SCSI subsystem initialized
[    0.352205] pci 0000:00:02.0: vgaarb: setting as boot VGA device
[    0.353981] pci 0000:00:02.0: vgaarb: VGA device added: decodes=io+mem,owns=io+mem,locks=none
[    0.356016] pci 0000:00:02.0: vgaarb: bridge control possible
[    0.360010] vgaarb: loaded
[    0.364057] ACPI: bus type USB registered
[    0.366560] usbcore: registered new interface driver usbfs
[    0.368130] usbcore: registered new interface driver hub
[    0.372111] usbcore: registered new device driver usb
[    0.376044] EDAC MC: Ver: 3.0.0
[    0.376929] PCI: Using ACPI for IRQ routing
[    0.388218] NetLabel: Initializing
[    0.389005] NetLabel:  domain hash size = 128
[    0.391707] NetLabel:  protocols = UNLABELED CIPSOv4 CALIPSO
[    0.412029] NetLabel:  unlabeled traffic allowed by default
[    0.424135] clocksource: Switched to clocksource kvm-clock
[    0.459468] VFS: Disk quotas dquot_6.6.0
[    0.472507] VFS: Dquot-cache hash table entries: 512 (order 0, 4096 bytes)
[    0.479953] AppArmor: AppArmor Filesystem Enabled
[    0.517426] pnp: PnP ACPI init
[    0.550874] pnp: PnP ACPI: found 3 devices
[    0.564758] clocksource: acpi_pm: mask: 0xffffff max_cycles: 0xffffff, max_idle_ns: 2085701024 ns
[    0.599128] NET: Registered protocol family 2
[    0.614734] TCP established hash table entries: 8192 (order: 4, 65536 bytes)
[    0.617908] TCP bind hash table entries: 8192 (order: 5, 131072 bytes)
[    0.666266] TCP: Hash tables configured (established 8192 bind 8192)
[    0.690468] UDP hash table entries: 512 (order: 2, 16384 bytes)
[    0.710925] UDP-Lite hash table entries: 512 (order: 2, 16384 bytes)
[    0.733809] NET: Registered protocol family 1
[    0.735075] pci 0000:00:00.0: Limiting direct PCI/PCI transfers
[    0.736267] pci 0000:00:01.0: Activating ISA DMA hang workarounds
[    0.740649] pci 0000:00:02.0: Video device with shadowed ROM at [mem 0x000c0000-0x000dffff]
[    0.785897] Unpacking initramfs...
[    1.253833] Freeing initrd memory: 18848K
[    1.269449] platform rtc_cmos: registered platform RTC device (no PNP device found)
[    1.310079] Scanning for low memory corruption every 60 seconds
[    1.326195] Initialise system trusted keyrings
[    1.334913] Key type blacklist registered
[    1.337131] workingset: timestamp_bits=36 max_order=18 bucket_order=0
[    1.347886] zbud: loaded
[    1.363341] squashfs: version 4.0 (2009/01/31) Phillip Lougher
[    1.380746] fuse init (API version 7.26)
[    1.391521] Key type asymmetric registered
[    1.392197] Asymmetric key parser 'x509' registered
[    1.393116] Block layer SCSI generic (bsg) driver version 0.4 loaded (major 246)
[    1.394269] io scheduler noop registered
[    1.394882] io scheduler deadline registered
[    1.395565] io scheduler cfq registered (default)
[    1.396826] ACPI: AC Adapter [AC] (off-line)
[    1.410038] input: Power Button as /devices/LNXSYSTM:00/LNXPWRBN:00/input/input0
[    1.426886] ACPI: Power Button [PWRF]
[    1.446069] input: Sleep Button as /devices/LNXSYSTM:00/LNXSLPBN:00/input/input1
[    1.447439] ACPI: Sleep Button [SLPF]
[    1.448444] Serial: 8250/16550 driver, 32 ports, IRQ sharing enabled
[    1.449770] ACPI: Battery Slot [BAT0] (battery present)
[    1.539617] 00:02: ttyS0 at I/O 0x3f8 (irq = 4, base_baud = 115200) is a 16550A
[    1.591505] Linux agpgart interface v0.103
[    1.613910] loop: module loaded
[    1.626861] scsi host0: ata_piix
[    1.650178] scsi host1: ata_piix
[    1.685329] ata1: PATA max UDMA/33 cmd 0x1f0 ctl 0x3f6 bmdma 0xd000 irq 14
[    1.688873] ata2: PATA max UDMA/33 cmd 0x170 ctl 0x376 bmdma 0xd008 irq 15
[    1.726543] libphy: Fixed MDIO Bus: probed
[    1.732097] tun: Universal TUN/TAP device driver, 1.6
[    1.765246] PPP generic driver version 2.4.2
[    1.780463] ehci_hcd: USB 2.0 'Enhanced' Host Controller (EHCI) Driver
[    1.801693] ehci-pci: EHCI PCI platform driver
[    1.810877] ehci-platform: EHCI generic platform driver
[    1.832249] ohci_hcd: USB 1.1 'Open' Host Controller (OHCI) Driver
[    1.846417] ohci-pci: OHCI PCI platform driver
[    1.850802] ohci-platform: OHCI generic platform driver
[    1.861232] uhci_hcd: USB Universal Host Controller Interface driver
[    1.886299] i8042: PNP: PS/2 Controller [PNP0303:PS2K,PNP0f03:PS2M] at 0x60,0x64 irq 1,12
[    1.920671] serio: i8042 KBD port at 0x60,0x64 irq 1
[    1.938573] serio: i8042 AUX port at 0x60,0x64 irq 12
[    1.946064] mousedev: PS/2 mouse device common for all mice
[    1.985851] input: AT Translated Set 2 keyboard as /devices/platform/i8042/serio0/input/input2
[    2.005294] rtc_cmos rtc_cmos: rtc core: registered rtc_cmos as rtc0
[    2.018296] rtc_cmos rtc_cmos: alarms up to one day, 114 bytes nvram
[    2.019541] i2c /dev entries driver
[    2.021555] device-mapper: uevent: version 1.0.3
[    2.022669] device-mapper: ioctl: 4.37.0-ioctl (2017-09-20) initialised: dm-devel@redhat.com
[    2.024485] ledtrig-cpu: registered to indicate activity on CPUs
[    2.026734] NET: Registered protocol family 10
[    2.045379] Segment Routing with IPv6
[    2.054591] NET: Registered protocol family 17
[    2.070568] Key type dns_resolver registered
[    2.082654] RAS: Correctable Errors collector initialized.
[    2.085471] sched_clock: Marking stable (2085423430, 0)->(12083635726, -9998212296)
[    2.188740] registered taskstats version 1
[    2.232864] Loading compiled-in X.509 certificates
[    2.256874] Loaded X.509 cert 'Build time autogenerated kernel key: 2bae1e8c50dcab357f42f039715f6a76c2f9c3dc'
[    2.268881] zswap: loaded using pool lzo/zbud
[    2.272593] tsc: Refined TSC clocksource calibration: 2698.899 MHz
[    2.272599] clocksource: tsc: mask: 0xffffffffffffffff max_cycles: 0x26e72e0eae6, max_idle_ns: 440795215046 ns
[    2.395367] Key type big_key registered
[    2.409512] Key type trusted registered
[    2.432123] Key type encrypted registered
[    2.439779] AppArmor: AppArmor sha1 policy hashing enabled
[    2.455944] ima: No TPM chip found, activating TPM-bypass! (rc=-19)
[    2.494579] evm: HMAC attrs: 0x1
[    2.495448]   Magic number: 6:915:686
[    2.496325] rtc_cmos rtc_cmos: setting system clock to 2018-06-04 14:40:16 UTC (1528123216)
[    2.539538] BIOS EDD facility v0.16 2004-Jun-25, 0 devices found
[    2.568941] EDD information not available.
[    2.588375] Freeing unused kernel memory: 2404K
[    2.601279] Write protecting the kernel read-only data: 20480k
[    2.603050] Freeing unused kernel memory: 2008K
[    2.608667] Freeing unused kernel memory: 1904K
[    2.630158] x86/mm: Checked W+X mappings: passed, no W+X pages found.
[    2.642572] x86/mm: Checking user space page tables
[    2.648910] x86/mm: Checked W+X mappings: passed, no W+X pages found.
Loading, please wait...
starting version 237
[    2.771221] Fusion MPT base driver 3.04.20
[    2.772192] Copyright (c) 1999-2008 LSI Corporation
[    2.804896] AVX2 version of gcm_enc/dec engaged.
[    2.828736] AES CTR mode by8 optimization enabled
[    2.836070] e1000: Intel(R) PRO/1000 Network Driver - version 7.3.21-k8-NAPI
[    2.840871] e1000: Copyright (c) 1999-2006 Intel Corporation.
[    2.862192] Fusion MPT SPI Host driver 3.04.20
[    3.001233] input: ImExPS/2 Generic Explorer Mouse as /devices/platform/i8042/serio1/input/input4
[    3.238037] e1000 0000:00:03.0 eth0: (PCI:33MHz:32-bit) 02:f6:9d:d8:f7:9e
[    3.249122] e1000 0000:00:03.0 eth0: Intel(R) PRO/1000 Network Connection
[    3.261843] e1000 0000:00:03.0 enp0s3: renamed from eth0
[    3.276834] mptbase: ioc0: Initiating bringup
[    3.389083] ioc0: LSI53C1030 A0: Capabilities={Initiator}
[    3.654461] scsi host2: ioc0: LSI53C1030 A0, FwRev=00000000h, Ports=1, MaxQ=256, IRQ=20
[    3.833908] scsi 2:0:0:0: Direct-Access     VBOX     HARDDISK         1.0  PQ: 0 ANSI: 5
[    4.183053] scsi target2:0:0: Beginning Domain Validation
[    4.674128] scsi target2:0:0: Domain Validation skipping write tests
[    4.811023] scsi target2:0:0: Ending Domain Validation
[    4.840519] scsi target2:0:0: asynchronous
[    4.861763] scsi 2:0:1:0: Direct-Access     VBOX     HARDDISK         1.0  PQ: 0 ANSI: 5
[    5.844684] scsi target2:0:1: Beginning Domain Validation
[    5.870118] scsi target2:0:1: Domain Validation skipping write tests
[    5.871150] scsi target2:0:1: Ending Domain Validation
[    5.893177] scsi target2:0:1: asynchronous
[    6.055507] sd 2:0:0:0: [sda] 20971520 512-byte logical blocks: (10.7 GB/10.0 GiB)
[    6.720192] sd 2:0:0:0: Attached scsi generic sg0 type 0
[    6.720466] sd 2:0:1:0: Attached scsi generic sg1 type 0
[    6.777193] sd 2:0:0:0: [sda] Write Protect is off
[    6.799895] sd 2:0:1:0: [sdb] 20480 512-byte logical blocks: (10.5 MB/10.0 MiB)
[    6.800423] sd 2:0:0:0: [sda] Incomplete mode parameter data
[    6.800425] sd 2:0:0:0: [sda] Assuming drive cache: write through
[    6.834110]  sda: sda1
[    6.835048] sd 2:0:0:0: [sda] Attached SCSI disk
[    6.877438] sd 2:0:1:0: [sdb] Write Protect is off
[    6.888811] sd 2:0:1:0: [sdb] Incomplete mode parameter data
[    6.924329] sd 2:0:1:0: [sdb] Assuming drive cache: write through
[    6.961098] sd 2:0:1:0: [sdb] Attached SCSI disk
Begin: Loading essential drivers ... [    8.496521] raid6: sse2x1   gen()  9765 MB/s
[    8.552324] raid6: sse2x1   xor()  6752 MB/s
[    8.628365] raid6: sse2x2   gen() 10852 MB/s
[    8.706811] raid6: sse2x2   xor()  1793 MB/s
[    8.780130] raid6: sse2x4   gen()  7027 MB/s
[    8.844060] raid6: sse2x4   xor()  4534 MB/s
[    8.924394] raid6: avx2x1   gen() 16931 MB/s
[    8.984415] raid6: avx2x1   xor() 11497 MB/s
[    9.072406] raid6: avx2x2   gen() 19778 MB/s
[    9.124370] raid6: avx2x2   xor() 11688 MB/s
[    9.172392] raid6: avx2x4   gen() 21991 MB/s
[    9.220686] raid6: avx2x4   xor() 13662 MB/s
[    9.221704] raid6: using algorithm avx2x4 gen() 21991 MB/s
[    9.246336] raid6: .... xor() 13662 MB/s, rmw enabled
[    9.269637] raid6: using avx2x2 recovery algorithm
[    9.278856] xor: automatically using best checksumming function   avx       
[    9.327515] async_tx: api initialized (async)
done.
Begin: Running /scripts/init-premount ... done.
Begin: Mounting root file system ... Begin: Running /scripts/local-top ... done.
Begin: Running /scripts[    9.384835] Btrfs loaded, crc32c=crc32c-intel
/local-premount ... Scanning for Btrfs filesystems
done.
Warning: fsck no[    9.440232] EXT4-fs (sda1): mounted filesystem with ordered data mode. Opts: (null)
t present, so skipping root file system
done.
Begin: Running /scripts/local-bottom ... done.
Begin: Running /scripts/init-bottom ... done.
[    9.696372] ip_tables: (C) 2000-2006 Netfilter Core Team
[    9.737500] systemd[1]: systemd 237 running in system mode. (+PAM +AUDIT +SELINUX +IMA +APPARMOR +SMACK +SYSVINIT +UTMP +LIBCRYPTSETUP +GCRYPT +GNUTLS +ACL +XZ +LZ4 +SECCOMP +BLKID +ELFUTILS +KMOD -IDN2 +IDN -PCRE2 default-hierarchy=hybrid)
[    9.845854] systemd[1]: Detected virtualization oracle.
[    9.858924] systemd[1]: Detected architecture x86-64.

Welcome to [1mUbuntu 18.04 LTS[0m!

[    9.894917] systemd[1]: Set hostname to <ubuntu-bionic>.
[   10.158014] systemd[1]: Created slice System Slice.
[[0;32m  OK  [0m] Created slice System Slice.
[   10.220620] systemd[1]: Listening on LVM2 metadata daemon socket.
[[0;32m  OK  [0m] Listening on LVM2 metadata daemon socket.
[   10.317199] systemd[1]: Listening on udev Kernel Socket.
[[0;32m  OK  [0m] Listening on udev Kernel Socket.
[   10.352781] systemd[1]: Listening on udev Control Socket.
[[0;32m  OK  [0m] Listening on udev Control Socket.
[   10.417667] systemd[1]: Created slice system-serial\x2dgetty.slice.
[[0;32m  OK  [0m] Created slice system-serial\x2dgetty.slice.
[   10.476360] systemd[1]: Reached target System Time Synchronized.
[[0;32m  OK  [0m] Reached target System Time Synchronized.
[[0;32m  OK  [0m] Listening on Syslog Socket.
[[0;32m  OK  [0m] Started Forward Password Requests to Wall Directory Watch.
[[0;32m  OK  [0m] Listening on Journal Socket.
         Starting Load Kernel Modules...
         Starting Uncompl[   10.645058] Loading iSCSI transport class v2.0-870.
icated firewall.[   10.696545] iscsi: registered transport (tcp)
..
         Starting udev Coldplug all Devices...
         Mounting Kernel Debug File System...
         Starting Set the console keyboard layout...
         Mounting POSIX Message Queue File System...
         [   10.779328] iscsi: registered transport (iser)
Mounting Huge Pages File System...
[[0;32m  OK  [0m] Listening on Device-mapper event daemon FIFOs.
         Starting Monitoring of LVM2 mirrors…ng dmeventd or progress polling...
[[0;32m  OK  [0m] Listening on Network Service Netlink Socket.
[[0;32m  OK  [0m] Reached target User and Group Name Lookups.
[[0;32m  OK  [0m] Listening on LVM2 poll daemon socket.
[[0;32m  OK  [0m] Created slice User and Session Slice.
[[0;32m  OK  [0m] Reached target Slices.
         Starting Remount Root and Kernel File Systems...
[[0;32m  OK  [0m] Listening on Journal Audit Socket.
         Starting Create list of required st…ce nodes for the current kernel...
[[0;32m  OK  [0m] Listening on Journal Socket (/dev/log).
         Starting Journal Service...
[[0;32m  OK  [0m] Reached target Swap.
[[0;32m  OK  [0[   11.020077] EXT4-fs (sda1): re-mounted. Opts: (null)
m] Listening on /dev/initctl Compatibility Named Pipe.
[[0;32m  OK  [0m] Set up automount Arbitrary Executab…rmats File System Automount Point.
[[0;32m  OK  [0m] Started Journal Service.
[[0;32m  OK  [0m] Started Load Kernel Modules.
[[0;32m  OK  [0m] Started Uncomplicated firewall.
[[0;32m  OK  [0m] Mounted Kernel Debug File System.
[[0;32m  OK  [0m] Started Set the console keybo[   11.222425] random: crng init done
ard layout.
[[0;32m  OK  [0m] Mounted POSIX Message Queue File System.
[[0;32m  OK  [0m] Mounted Huge Pages File System.
[[0;32m  OK  [0m] Started Remount Root and Kernel File Systems.
[[0;32m  OK  [0m] Started Create list of required sta…vice nodes for the current kernel.
[[0;32m  OK  [0m] Started udev Coldplug all Devices.
[[0;32m  OK  [0m] Started LVM2 metadata daemon.
         Starting Create Static Device Nodes in /dev...
         Starting Initial cloud-init job (pre-networking)...
         Starting Load/Save Random Seed...
         Mounting FUSE Control File System...
         Mounting Kernel Configuration File System...
         Starting Apply Kernel Variables...
         Starting Flush Journal to Persistent Storage...
[[0;32m  OK  [0m] Started Monitoring of LVM2 mirrors,…sing dmeventd or progress polling.
[[0;32m  OK  [0m] Started Create Static Device Nodes in /dev.
[[0;32m  OK  [0m] Started Load/Save Random Seed.
[[0;32m  OK  [0m] Mounted FUSE Control File System.
[[0;32m  OK  [0m] Mounted Kernel Configuration File System.
         Starting udev Kernel Device Manager...
[[0;32m  OK  [0m] Reached target Local File Systems (Pre).
[[0;32m  OK  [0m] Reached target Local File Systems.
         Starting AppArmor initialization...
         Starting Set console font and keymap...
         Starting Tell Plymouth To Write Out Runtime Data...
         Starting ebtables ruleset management...
[   11.630721] systemd-journald[400]: Received request to flush runtime journal from PID 1
[[0;32m  OK  [0m] Started udev Kernel Device Manager.
[[0;32m  OK  [0m] Started Dispatch Password Requests to Console Directory Watch.
[[0;32m  OK  [0m] Reached target Local Encrypted Volumes.
[[0;32m  OK  [0m] Started Set console font and keymap.
[[0;32m  OK  [0m] Started Apply Kernel Variables.
[[0;32m  OK  [0m] Started Tell Plymouth To Write Out Runtime Data.
[[0;32m  OK  [0m] Started Flush Journal to Persistent Storage.
         Starting Create Volatile Files and Directories...
[[0;32m  OK  [0m] Started Create Volatile Files and Directories.
         Starting Update UTMP about System Boot/Shutdown...
[[0;32m  OK  [0m] Started Update UTMP about System Boot/Shutdown.
[[0;32m  OK  [0m] Started ebtables ruleset management.
[[0;32m  OK  [0m] Found device /dev/ttyS0.
[[0;32m  OK  [0m] Started AppArmor initialization.
[[0;32m  OK  [0m] Listening on Load/Save RF Kill Switch Status /dev/rfkill Watch.
[   13.809238] cloud-init[407]: Cloud-init v. 18.2 running 'init-local' at Mon, 04 Jun 2018 14:40:27 +0000. Up 13.59 seconds.
[[0;32m  OK  [0m] Started Initial cloud-init job (pre-networking).
[[0;32m  OK  [0m] Reached target Network (Pre).
         Starting Network Service...
[[0;32m  OK  [0m] Started Network Service.
         Starting Wait for Network to be Configured...
         Starting Network Name Resolution...
[[0;32m  OK  [0m] Started Network Name Resolution.
[[0;32m  OK  [0m] Reached target Network.
[[0;32m  OK  [0m] Reached target Host and Network Name Lookups.
[[0;32m  OK  [0m] Started Wait for Network to be Configured.
         Starting Initial cloud-init job (metadata service crawler)...
[   15.954959] cloud-init[662]: Cloud-init v. 18.2 running 'init' at Mon, 04 Jun 2018 14:40:29 +0000. Up 15.45 seconds.
[   15.963341] cloud-init[662]: ci-info: ++++++++++++++++++++++++++++++++++++++Net device info++++++++++++++++++++++++++++++++++++++
[   16.017487] cloud-init[662]: ci-info: +--------+------+----------------------------+---------------+--------+-------------------+
[   16.070230] cloud-init[662]: ci-info: | Device |  Up  |          Address           |      Mask     | Scope  |     Hw-Address    |
[   16.072582] cloud-init[662]: ci-info: +--------+------+----------------------------+---------------+--------+-------------------+
[[0;32m  OK  [0m[   16.130556] ] cloud-initStarted Initial cloud-init job (metadata service crawler).[662]: 
ci-info: | enp0s3 | True |         10.0.2.15          | 255.255.255.0 | global | 02:f6:9d:d8:f7:9e |
[   16.130712] cloud-init[662]: ci-info: | enp0s3 | True | fe80::f6:9dff:fed8:f79e/64 |       .       |  link  | 02:f6:9d:d8:f7:9e |
[[   16.261137] cloud-init[662]: ci-info: |   lo   | True |         127.0.0.1          |   255.0.0.0   |  host  |         .         |
[   16.261449] cloud-init[662]: ci-info: |   lo   | True |          ::1/128           |       .       |  host  |         .         |
[0;32m  OK  [0m] Reached target Cloud-config availability.
[[   16.261631] cloud-init[662]: ci-info: +--------+------+----------------------------+---------------+--------+-------------------+
[   16.377630] cloud-init[662]: ci-info: ++++++++++++++++++++++++++++Route IPv4 info+++++++++++++++++++++++++++++
[   16.378053] cloud-init[662]: ci-info: +-------+-------------+----------+-----------------+-----------+-------+
[   16.378250] cloud-init[662]: ci-info: | Route | Destination | Gateway  |     Genmask     | Interface | Flags |
[0;32m  OK  [0m] Reached target System Initialization.
[   16.379169] cloud-init[662]: ci-info: +-------+-------------+----------+-----------------+-----------+-------+
[[   16.514433] cloud-init[662]: ci-info: |   0   |   0.0.0.0   | 10.0.2.2 |     0.0.0.0     |   enp0s3  |   UG  |
[   16.514558] cloud-init[662]: ci-info: |   1   |   10.0.2.0  | 0.0.0.0  |  255.255.255.0  |   enp0s3  |   U   |
[   16.514730] [0;32m  OK  [0mcloud-init] [662]: Started Daily apt download activities.ci-info: |   2   |   10.0.2.2  | 0.0.0.0  | 255.255.255.255 |   enp0s3  |   UH  |

[[0;32m  OK  [0m[   16.636438] ] Started Daily apt upgrade and clean activities.
cloud-init[662]: ci-info: +-------+-------------+----------+-----------------+-----------+-------+
[[0;32m  OK  [0m[   16.728598] cloud-init[662]: ci-info: +++++++++++++++++++Route IPv6 info+++++++++++++++++++
[   16.729811] cloud-init[662]: ci-info: +-------+-------------+---------+-----------+-------+
[   16.730154] cloud-init[662]: ci-info: | Route | Destination | Gateway | Interface | Flags |
] Started Daily Cleanup of Temporary Directories.
[   16.730308] cloud-init[662]: ci-info: +-------+-------------+---------+-----------+-------+
[[   16.949884] cloud-init[662]: ci-info: |   1   |  fe80::/64  |    ::   |   enp0s3  |   U   |
[   16.950129] cloud-init[662]: ci-info: |   3   |    local    |    ::   |   enp0s3  |   U   |
[0;32m  OK  [0m] Started ACPI Events Check.
[   16.951247] cloud-init[662]: ci-info: |   4   |   ff00::/8  |    ::   |   enp0s3  |   U   |
[[0;32m  OK  [0m] Reached target Paths.
[   17.125594] cloud-init[662]: ci-info: +-------+-------------+---------+-----------+-------+
[[0;32m  OK  [0m] Started Discard unused blocks once a week.
[[0;32m  OK  [0m] Listening on ACPID Listen Socket.
[[0;32m  OK  [0m] Started Message of the Day.
         Starting Socket activation for snappy daemon.
         Starting LXD - unix socket.
[[0;32m  OK  [0m] Reached target Timers.
[[0;32m  OK  [0m] Listening on D-Bus System Message Bus Socket.
[[0;32m  OK  [0m] Listening on UUID daemon activation socket.
[[0;32m  OK  [0m] Reached target Network is Online.
         Starting iSCSI initiator daemon (iscsid)...
[[0;32m  OK  [0m] Listening on Socket activation for snappy daemon.
[[0;32m  OK  [0m] Listening on LXD - unix socket.
[[0;32m  OK  [0m] Reached target Sockets.
[[0;32m  OK  [0m] Reached target Basic System.
[[0;32m  OK  [0m] Started FUSE filesystem for LXC.
         Starting OpenBSD Secure Shell server...
[[0;32m  OK  [0m] Started D-Bus System Message Bus.
         Starting Virtualbox guest utils...
         Starting LSB: Record successful boot for GRUB...
[[0;32m  OK  [0m] Started Deferred execution scheduler.
         Starting LXD - container startup/shutdown...
         Starting Apply the settings specified in cloud-config...
         Starting Login Service...
[[0;32m  OK  [0m] Started Regular background program processing daemon.
         Starting System Logging Service...
         Starting Snappy daemon...
[[0;32m  OK  [0m] Started irqbalance daemon.
         Starting Accounts Service...
         Starting Dispatcher daemon for systemd-networkd...
[[0;32m  OK  [0m] Started System Logging Service.
[[0;32m  OK  [0m] Started iSCSI initiator daemon (iscsid).
[[0;32m  OK  [0m] Started Login Service.
         Starting Availability of block devices...
[[0;32m  OK  [0m] Reached target Remote File Systems (Pre).
[[0;32m  OK  [0m] Reached target Remote File Systems.
         Starting The Apache HTTP Server...
         Starting LSB: automatic crash report generation...
         Starting Permit User Sessions...
[[0;32m  OK  [0m] Started OpenBSD Secure Shell server.
[[0;32m  OK  [0m] Started Availability of block devices.
[[0;32m  OK  [0m] Started Snappy daemon.
         Starting Wait until snapd is fully seeded...
[[0;32m  OK  [0m] Started LXD - container startup/shutdown.
[[0;32m  OK  [0m] Started Permit User Sessions.
         Starting Hold until boot process finishes up...
         Starting Terminate Plymouth Boot Screen...
[[0;32m  OK  [0m] Started Hold until boot process finishes up.
[[0;32m  OK  [0m] Started Terminate Plymouth Boot Screen.
[[0;32m  OK  [0m] Started LSB: Record successful boot for GRUB.
         Starting Authorization Manager...
         Starting Set console scheme...
[[0;32m  OK  [0m] Started Serial Getty on ttyS0.
[[0;32m  OK  [0m] Started Set console scheme.
[[0;32m  OK  [0m] Created slice system-getty.slice.
[[0;32m  OK  [0m] Started Getty on tty1.
[[0;32m  OK  [0m] Reached target Login Prompts.
[[0;32m  OK  [0m] Started LSB: automatic crash report generation.
[[0;32m  OK  [0m] Started Authorization Manager.
[[0;32m  OK  [0m] Started Accounts Service.
[[0;32m  OK  [0m] Created slice User Slice of vagrant.
[[0;32m  OK  [0m] Started Wait until snapd is fully seeded.
[[0;32m  OK  [0m] Started Session 1 of user vagrant.
         Starting User Manager for UID 1000...
[[0;32m  OK  [0m] Started The Apache HTTP Server.
[[0;32m  OK  [0m] Started Virtualbox guest utils.
[[0;32m  OK  [0m] Started Dispatcher daemon for systemd-networkd.
[[0;32m  OK  [0m] Reached target Multi-User System.
[[0;32m  OK  [0m] Reached target Graphical Interface.
         Starting Update UTMP about System Runlevel Changes...
[[0;32m  OK  [0m] Started Update UTMP about System Runlevel Changes.
[[0;32m  OK  [0m] Started User Manager for UID 1000.
[   19.664688] cloud-init[847]: Cloud-init v. 18.2 running 'modules:config' at Mon, 04 Jun 2018 14:40:33 +0000. Up 19.41 seconds.
[[0;32m  OK  [0m] Started Apply the settings specified in cloud-config.
         Starting Execute cloud user/final scripts...
[   20.676096] cloud-init[1091]: Cloud-init v. 18.2 running 'modules:final' at Mon, 04 Jun 2018 14:40:34 +0000. Up 20.40 seconds.
[[0;32m  OK  [0m] Started Execute cloud user/final scripts.
[   20.804698] cloud-init[1091]: Cloud-init v. 18.2 finished at Mon, 04 Jun 2018 14:40:34 +0000. Datasource DataSourceNoCloud [seed=/dev/sdb][dsmode=net].  Up 20.66 seconds
[[0;32m  OK  [0m] Reached target Cloud-init target.

Ubuntu 18.04 LTS ubuntu-bionic ttyS0

ubuntu-bionic login: [[0;32m  OK  [0m] Stopped target Timers.
[[0;32m  OK  [0m] Stopped Daily apt upgrade and clean activities.
[[0;32m  OK  [0m] Stopped Daily apt download activities.
[[0;32m  OK  [0m] Closed Load/Save RF Kill Switch Status /dev/rfkill Watch.
         Stopping Authorization Manager...
[[0;32m  OK  [0m] Stopped Daily Cleanup of Temporary Directories.
[[0;32m  OK           Stopping The Apache HTTP Server...
         Stopping LSB: automatic crash report generation...
         Stopping OpenBSD Secure Shell server...
[[0;32m  OK  [0m] Stopped Wait until snapd is fully seeded.
         Stopping Dispatcher daemon for systemd-networkd...
         Stopping System Logging Service...
         Stopping Deferred execution scheduler...
         Stopping Snappy daemon...
[[0;32m  OK  [0m] Stopped Apply the settings specified in cloud-config.
[[0;32m  OK  [0m] Stopped target Cloud-config availability.
         Stopping Regular background program processing daemon...
         Stopping Getty on tty1...
         Stopping LSB: Record successful boot for GRUB...
[[0;32m  OK  [0m] Unmounted /var/lib/lxcfs.
[[0;32m  OK  [0m] Stopped Deferred execution scheduler.
[[0;32m  OK  [0m] Stopped Regular background program processing daemon.
[[0;32m  OK  [0m] Stopped System Logging Service.
[[0;32m  OK  [0m] Stopped Snappy daemon.
[[0;32m  OK  [0m] Stopped irqbalance daemon.
[[0;32m  OK  [0m] Stopped Accounts Service.
[[0;32m  OK  [0m] Stopped Dispatcher daemon for systemd-networkd.
[[0;32m  OK  [0m] Stopped OpenBSD Secure Shell server.
[[0;32m  OK  [0m] Stopped Authorization Manager.
[[0;32m  OK  [0m] Stopped Serial Getty on ttyS0.
[[0;32m  OK  [0m] Stopped Getty on tty1.
[[0;32m  OK  [0m] Stopped User Manager for UID 1000.
[[0;32m  OK  [0m] Stopped Availability of block devices.
[[0;32m  OK  [0m] Stopped D-Bus System Message Bus.
[[0;32m  OK  [0m] Stopped The Apache HTTP Server.
[[0;32m  OK  [0m] Stopped FUSE filesystem for LXC.
[[0;32m  OK  [0m] Stopped Session 5 of user vagrant.
[[0;32m  OK  [0m] Stopped target Host and Network Name Lookups.
[[0;32m  OK  [0m] Removed slice User Slice of vagrant.
         Stopping Login Service...
[[0;32m  OK  [0m] Removed slice system-getty.slice.
[[0;32m  OK  [0m] Removed slice system-serial\x2dgetty.slice.
         Stopping Permit User Sessions...
[[0;32m  OK  [0m] Stopped LXD - container startup/shutdown.
[[0;32m  OK  [0m] Stopped Virtualbox guest utils.
[[0;32m  OK  [0m] Stopped LSB: automatic crash report generation.
[[0;32m  OK  [0m] Stopped Login Service.
[[0;32m  OK  [0m] Stopped Permit User Sessions.
[[0;32m  OK  [0m] Stopped target User and Group Name Lookups.
[[0;32m  OK  [0m] Stopped target Remote File Systems.
[[0;32m  OK  [0m] Stopped target Remote File Systems (Pre).
         Stopping iSCSI initiator daemon (iscsid)...
[[0;32m  OK  [0m] Stopped LSB: Record successful boot for GRUB.
[[0;32m  OK  [0m] Stopped iSCSI initiator daemon (iscsid).
[[0;32m  OK  [0m] Stopped target Network is Online.
[[0;32m  OK  [0m] Stopped target Network.
         Stopping Network Name Resolution...
[[0;32m  OK  [0m] Stopped target Basic System.
[[0;32m  OK  [0m] Stopped target Sockets.
[[0;32m  OK  [0m] Closed ACPID Listen Socket.
[[0;32m  OK  [0m] Closed D-Bus System Message Bus Socket.
[[0;32m  OK  [0m] Closed LXD - unix socket.
[[0;32m  OK  [0m] Closed Syslog Socket.
[[0;32m  OK  [0m] Closed Socket activation for snappy daemon.
[[0;32m  OK  [0m] Closed UUID daemon activation socket.
[[0;32m  OK  [0m] Stopped target Paths.
[[0;32m  OK  [0m] Stopped ACPI Events Check.
[[0;32m  OK  [0m] Stopped target System Initialization.
[[0;32m  OK  [0m] Stopped target Local Encrypted Volumes.
[[0;32m  OK  [0m] Stopped Dispatch Password Requests to Console Directory Watch.
[[0;32m  OK  [0m] Stopped Forward Password Requests to Wall Directory Watch.
         Stopping Update UTMP about System Boot/Shutdown...
         Stopping Load/Save Random Seed...
[[0;32m  OK  [0m] Stopped Initial cloud-init job (metadata service crawler).
[[0;32m  OK  [0m] Stopped Wait for Network to be Configured.
[[0;32m  OK  [0m] Stopped target Slices.
[[0;32m  OK  [0m] Removed slice User and Session Slice.
[[0;32m  OK  [0m] Stopped Network Name Resolution.
[[0;32m  OK  [0m] Stopped Load/Save Random Seed.
         Stopping Network Service...
[[0;32m  OK  [0m] Stopped Update UTMP about System Boot/Shutdown.
[[0;32m  OK  [0m] Stopped Create Volatile Files and Directories.
[[0;32m  OK  [0m] Stopped target Local File Systems.
         Unmounting /run/user/1000...
         Unmounting /vagrant...
[[0;32m  OK  [0m] Stopped Network Service.
[[0;32m  OK  [0m] Unmounted /run/user/1000.
[[0;32m  OK  [0m] Unmounted /vagrant.
[[0;32m  OK  [0m] Reached target Unmount All Filesystems.
[[0;32m  OK  [0m] Stopped target Swap.
[[0;32m  OK  [0m] Stopped target Local File Systems (Pre).
[[0;32m  OK  [0m] Stopped Create Static Device Nodes in /dev.
         Stopping Monitoring of LVM2 mirrors…ng dmeventd or progress polling...
[[0;32m  OK  [0m] Stopped target Network (Pre).
[[0;32m  OK  [0m] Stopped Initial cloud-init job (pre-networking).
[[0;32m  OK  [0m] Stopped Remount Root and Kernel File Systems.
[[0;32m  OK  [0m] Stopped Apply Kernel Variables.
[[0;32m  OK  [0m] Stopped Load Kernel Modules.
[[0;32m  OK  [0m] Reached target Shutdown.
[[0;32m  OK  [0m] Reached target Final Step.
         Starting Power-Off...
[[0;32m  OK  [0m] Stopped Monitoring of LVM2 mirrors,…sing dmeventd or progress polling.
         Stopping LVM2 metadata daemon...
[[0;32m  OK  [0m] Stopped LVM2 metadata daemon.
[  782.711065] reboot: Power down
